# JRE version: Java(TM) SE Runtime Environment (22.0.2+9) (build 22.0.2+9-70)
# Java VM: Java HotSpot(TM) 64-Bit Server VM (22.0.2+9-70, mixed mode, sharing, tiered, compressed oops, compressed class ptrs, g1 gc, windows-amd64)
GC Precious Log:
 CardTable entry size: 512
 Card Set container configuration: InlinePtr #cards 5 size 8 Array Of Cards #cards 12 size 40 Howl #buckets 4 coarsen threshold 1843 Howl Bitmap #cards 512 size 80 coarsen threshold 460 Card regions per heap region 1 cards per card region 2048
 CPUs: 12 total, 12 available
 Memory: 7916M
 Large Page Support: Disabled
 NUMA Support: Disabled
 Compressed Oops: Enabled (32-bit)
 Heap Region Size: 1M
 Heap Min Capacity: 8M
 Heap Initial Capacity: 124M
 Heap Max Capacity: 1980M
 Pre-touch: Disabled
 Parallel Workers: 10
 Concurrent Workers: 3
 Concurrent Refinement Workers: 10
 Periodic GC: Disabled
Heap:
 garbage-first heap   total reserved 2027520K, committed 102400K, used 67316K [0x0000000084400000, 0x0000000100000000)
  region size 1024K, 10 young (10240K), 3 survivors (3072K)
 Metaspace       used 71167K, committed 71552K, reserved 1114112K
  class space    used 7749K, committed 7936K, reserved 1048576K
GC Heap History (20 events):
Event: 10.269 GC heap before
{Heap before GC invocations=8 (full 0):
 garbage-first heap   total reserved 2027520K, committed 63488K, used 53024K [0x0000000084400000, 0x0000000100000000)
  region size 1024K, 34 young (34816K), 3 survivors (3072K)
 Metaspace       used 38399K, committed 38720K, reserved 1114112K
  class space    used 4714K, committed 4864K, reserved 1048576K
}
Event: 10.292 GC heap after
{Heap after GC invocations=9 (full 0):
 garbage-first heap   total reserved 2027520K, committed 77824K, used 29696K [0x0000000084400000, 0x0000000100000000)
  region size 1024K, 5 young (5120K), 5 survivors (5120K)
 Metaspace       used 38399K, committed 38720K, reserved 1114112K
  class space    used 4714K, committed 4864K, reserved 1048576K
}
Event: 12.596 GC heap before
{Heap before GC invocations=9 (full 0):
 garbage-first heap   total reserved 2027520K, committed 77824K, used 62464K [0x0000000084400000, 0x0000000100000000)
  region size 1024K, 37 young (37888K), 5 survivors (5120K)
 Metaspace       used 42894K, committed 43200K, reserved 1114112K
  class space    used 5223K, committed 5376K, reserved 1048576K
}
Event: 12.624 GC heap after
{Heap after GC invocations=10 (full 0):
 garbage-first heap   total reserved 2027520K, committed 77824K, used 35775K [0x0000000084400000, 0x0000000100000000)
  region size 1024K, 5 young (5120K), 5 survivors (5120K)
 Metaspace       used 42894K, committed 43200K, reserved 1114112K
  class space    used 5223K, committed 5376K, reserved 1048576K
}
Event: 15.225 GC heap before
{Heap before GC invocations=10 (full 0):
 garbage-first heap   total reserved 2027520K, committed 77824K, used 63423K [0x0000000084400000, 0x0000000100000000)
  region size 1024K, 32 young (32768K), 5 survivors (5120K)
 Metaspace       used 45122K, committed 45440K, reserved 1114112K
  class space    used 5432K, committed 5568K, reserved 1048576K
}
Event: 15.262 GC heap after
{Heap after GC invocations=11 (full 0):
 garbage-first heap   total reserved 2027520K, committed 77824K, used 43008K [0x0000000084400000, 0x0000000100000000)
  region size 1024K, 4 young (4096K), 4 survivors (4096K)
 Metaspace       used 45122K, committed 45440K, reserved 1114112K
  class space    used 5432K, committed 5568K, reserved 1048576K
}
Event: 16.084 GC heap before
{Heap before GC invocations=11 (full 0):
 garbage-first heap   total reserved 2027520K, committed 77824K, used 65536K [0x0000000084400000, 0x0000000100000000)
  region size 1024K, 26 young (26624K), 4 survivors (4096K)
 Metaspace       used 45863K, committed 46208K, reserved 1114112K
  class space    used 5463K, committed 5632K, reserved 1048576K
}
Event: 16.116 GC heap after
{Heap after GC invocations=12 (full 0):
 garbage-first heap   total reserved 2027520K, committed 77824K, used 48640K [0x0000000084400000, 0x0000000100000000)
  region size 1024K, 4 young (4096K), 4 survivors (4096K)
 Metaspace       used 45863K, committed 46208K, reserved 1114112K
  class space    used 5463K, committed 5632K, reserved 1048576K
}
Event: 17.040 GC heap before
{Heap before GC invocations=13 (full 0):
 garbage-first heap   total reserved 2027520K, committed 80896K, used 65024K [0x0000000084400000, 0x0000000100000000)
  region size 1024K, 21 young (21504K), 4 survivors (4096K)
 Metaspace       used 46376K, committed 46720K, reserved 1114112K
  class space    used 5482K, committed 5632K, reserved 1048576K
}
Event: 17.049 GC heap after
{Heap after GC invocations=14 (full 0):
 garbage-first heap   total reserved 2027520K, committed 80896K, used 51004K [0x0000000084400000, 0x0000000100000000)
  region size 1024K, 3 young (3072K), 3 survivors (3072K)
 Metaspace       used 46376K, committed 46720K, reserved 1114112K
  class space    used 5482K, committed 5632K, reserved 1048576K
}
Event: 18.043 GC heap before
{Heap before GC invocations=14 (full 0):
 garbage-first heap   total reserved 2027520K, committed 80896K, used 68412K [0x0000000084400000, 0x0000000100000000)
  region size 1024K, 21 young (21504K), 3 survivors (3072K)
 Metaspace       used 49554K, committed 49920K, reserved 1114112K
  class space    used 5770K, committed 5952K, reserved 1048576K
}
Event: 18.058 GC heap after
{Heap after GC invocations=15 (full 0):
 garbage-first heap   total reserved 2027520K, committed 97280K, used 52891K [0x0000000084400000, 0x0000000100000000)
  region size 1024K, 3 young (3072K), 3 survivors (3072K)
 Metaspace       used 49554K, committed 49920K, reserved 1114112K
  class space    used 5770K, committed 5952K, reserved 1048576K
}
Event: 19.251 GC heap before
{Heap before GC invocations=15 (full 0):
 garbage-first heap   total reserved 2027520K, committed 97280K, used 80539K [0x0000000084400000, 0x0000000100000000)
  region size 1024K, 31 young (31744K), 3 survivors (3072K)
 Metaspace       used 55373K, committed 55744K, reserved 1114112K
  class space    used 6325K, committed 6464K, reserved 1048576K
}
Event: 19.266 GC heap after
{Heap after GC invocations=16 (full 0):
 garbage-first heap   total reserved 2027520K, committed 97280K, used 55609K [0x0000000084400000, 0x0000000100000000)
  region size 1024K, 3 young (3072K), 3 survivors (3072K)
 Metaspace       used 55373K, committed 55744K, reserved 1114112K
  class space    used 6325K, committed 6464K, reserved 1048576K
}
Event: 20.614 GC heap before
{Heap before GC invocations=17 (full 0):
 garbage-first heap   total reserved 2027520K, committed 97280K, used 83257K [0x0000000084400000, 0x0000000100000000)
  region size 1024K, 30 young (30720K), 3 survivors (3072K)
 Metaspace       used 61214K, committed 61568K, reserved 1114112K
  class space    used 6852K, committed 7040K, reserved 1048576K
}
Event: 20.630 GC heap after
{Heap after GC invocations=18 (full 0):
 garbage-first heap   total reserved 2027520K, committed 97280K, used 57852K [0x0000000084400000, 0x0000000100000000)
  region size 1024K, 3 young (3072K), 3 survivors (3072K)
 Metaspace       used 61214K, committed 61568K, reserved 1114112K
  class space    used 6852K, committed 7040K, reserved 1048576K
}
Event: 22.808 GC heap before
{Heap before GC invocations=18 (full 0):
 garbage-first heap   total reserved 2027520K, committed 97280K, used 84476K [0x0000000084400000, 0x0000000100000000)
  region size 1024K, 29 young (29696K), 3 survivors (3072K)
 Metaspace       used 67588K, committed 68032K, reserved 1114112K
  class space    used 7436K, committed 7616K, reserved 1048576K
}
Event: 22.825 GC heap after
{Heap after GC invocations=19 (full 0):
 garbage-first heap   total reserved 2027520K, committed 97280K, used 58733K [0x0000000084400000, 0x0000000100000000)
  region size 1024K, 4 young (4096K), 4 survivors (4096K)
 Metaspace       used 67588K, committed 68032K, reserved 1114112K
  class space    used 7436K, committed 7616K, reserved 1048576K
}
Event: 25.244 GC heap before
{Heap before GC invocations=19 (full 0):
 garbage-first heap   total reserved 2027520K, committed 97280K, used 75117K [0x0000000084400000, 0x0000000100000000)
  region size 1024K, 22 young (22528K), 4 survivors (4096K)
 Metaspace       used 70848K, committed 71232K, reserved 1114112K
  class space    used 7739K, committed 7936K, reserved 1048576K
}
Event: 25.261 GC heap after
{Heap after GC invocations=20 (full 0):
 garbage-first heap   total reserved 2027520K, committed 97280K, used 60148K [0x0000000084400000, 0x0000000100000000)
  region size 1024K, 3 young (3072K), 3 survivors (3072K)
 Metaspace       used 70848K, committed 71232K, reserved 1114112K
  class space    used 7739K, committed 7936K, reserved 1048576K
}

