# JRE version: Java(TM) SE Runtime Environment (22.0.2+9) (build 22.0.2+9-70)
# Java VM: Java HotSpot(TM) 64-Bit Server VM (22.0.2+9-70, mixed mode, sharing, tiered, compressed oops, compressed class ptrs, g1 gc, windows-amd64)
GC Precious Log:
 CardTable entry size: 512
 Card Set container configuration: InlinePtr #cards 4 size 8 Array Of Cards #cards 32 size 80 Howl #buckets 8 coarsen threshold 7372 Howl Bitmap #cards 1024 size 144 coarsen threshold 921 Card regions per heap region 1 cards per card region 8192
 CPUs: 12 total, 12 available
 Memory: 7916M
 Large Page Support: Disabled
 NUMA Support: Disabled
 Compressed Oops: Enabled (Zero based)
 Heap Region Size: 4M
 Heap Min Capacity: 8M
 Heap Initial Capacity: 124M
 Heap Max Capacity: 8G
 Pre-touch: Disabled
 Parallel Workers: 10
 Concurrent Workers: 3
 Concurrent Refinement Workers: 10
 Periodic GC: Disabled
Heap:
 garbage-first heap   total reserved 8388608K, committed 835584K, used 449254K [0x0000000600000000, 0x0000000800000000)
  region size 4096K, 8 young (32768K), 8 survivors (32768K)
 Metaspace       used 169257K, committed 172288K, reserved 1245184K
  class space    used 23020K, committed 24448K, reserved 1048576K
GC Heap History (20 events):
Event: 141.326 GC heap after
{Heap after GC invocations=75 (full 0):
 garbage-first heap   total reserved 8388608K, committed 647168K, used 481692K [0x0000000600000000, 0x0000000800000000)
  region size 4096K, 4 young (16384K), 4 survivors (16384K)
 Metaspace       used 148578K, committed 151552K, reserved 1179648K
  class space    used 20010K, committed 21376K, reserved 1048576K
}
Event: 142.759 GC heap before
{Heap before GC invocations=75 (full 0):
 garbage-first heap   total reserved 8388608K, committed 647168K, used 584092K [0x0000000600000000, 0x0000000800000000)
  region size 4096K, 30 young (122880K), 4 survivors (16384K)
 Metaspace       used 151113K, committed 154112K, reserved 1245184K
  class space    used 20334K, committed 21696K, reserved 1048576K
}
Event: 142.791 GC heap after
{Heap after GC invocations=76 (full 0):
 garbage-first heap   total reserved 8388608K, committed 790528K, used 499711K [0x0000000600000000, 0x0000000800000000)
  region size 4096K, 4 young (16384K), 4 survivors (16384K)
 Metaspace       used 151113K, committed 154112K, reserved 1245184K
  class space    used 20334K, committed 21696K, reserved 1048576K
}
Event: 145.397 GC heap before
{Heap before GC invocations=77 (full 0):
 garbage-first heap   total reserved 8388608K, committed 835584K, used 724991K [0x0000000600000000, 0x0000000800000000)
  region size 4096K, 55 young (225280K), 4 survivors (16384K)
 Metaspace       used 159799K, committed 162816K, reserved 1245184K
  class space    used 21899K, committed 23296K, reserved 1048576K
}
Event: 145.426 GC heap after
{Heap after GC invocations=78 (full 0):
 garbage-first heap   total reserved 8388608K, committed 835584K, used 537387K [0x0000000600000000, 0x0000000800000000)
  region size 4096K, 7 young (28672K), 7 survivors (28672K)
 Metaspace       used 159799K, committed 162816K, reserved 1245184K
  class space    used 21899K, committed 23296K, reserved 1048576K
}
Event: 146.846 GC heap before
{Heap before GC invocations=78 (full 0):
 garbage-first heap   total reserved 8388608K, committed 835584K, used 738091K [0x0000000600000000, 0x0000000800000000)
  region size 4096K, 56 young (229376K), 7 survivors (28672K)
 Metaspace       used 163246K, committed 166208K, reserved 1245184K
  class space    used 22381K, committed 23744K, reserved 1048576K
}
Event: 146.882 GC heap after
{Heap after GC invocations=79 (full 0):
 garbage-first heap   total reserved 8388608K, committed 835584K, used 550755K [0x0000000600000000, 0x0000000800000000)
  region size 4096K, 7 young (28672K), 7 survivors (28672K)
 Metaspace       used 163246K, committed 166208K, reserved 1245184K
  class space    used 22381K, committed 23744K, reserved 1048576K
}
Event: 148.436 GC heap before
{Heap before GC invocations=79 (full 0):
 garbage-first heap   total reserved 8388608K, committed 835584K, used 743267K [0x0000000600000000, 0x0000000800000000)
  region size 4096K, 55 young (225280K), 7 survivors (28672K)
 Metaspace       used 164560K, committed 167552K, reserved 1245184K
  class space    used 22576K, committed 23936K, reserved 1048576K
}
Event: 148.484 GC heap after
{Heap after GC invocations=80 (full 0):
 garbage-first heap   total reserved 8388608K, committed 835584K, used 563713K [0x0000000600000000, 0x0000000800000000)
  region size 4096K, 4 young (16384K), 4 survivors (16384K)
 Metaspace       used 164560K, committed 167552K, reserved 1245184K
  class space    used 22576K, committed 23936K, reserved 1048576K
}
Event: 151.668 GC heap before
{Heap before GC invocations=81 (full 0):
 garbage-first heap   total reserved 8388608K, committed 835584K, used 686593K [0x0000000600000000, 0x0000000800000000)
  region size 4096K, 52 young (212992K), 4 survivors (16384K)
 Metaspace       used 164982K, committed 167872K, reserved 1245184K
  class space    used 22588K, committed 23936K, reserved 1048576K
}
Event: 151.706 GC heap after
{Heap after GC invocations=82 (full 0):
 garbage-first heap   total reserved 8388608K, committed 835584K, used 502736K [0x0000000600000000, 0x0000000800000000)
  region size 4096K, 7 young (28672K), 7 survivors (28672K)
 Metaspace       used 164982K, committed 167872K, reserved 1245184K
  class space    used 22588K, committed 23936K, reserved 1048576K
}
Event: 152.729 GC heap before
{Heap before GC invocations=82 (full 0):
 garbage-first heap   total reserved 8388608K, committed 835584K, used 744400K [0x0000000600000000, 0x0000000800000000)
  region size 4096K, 66 young (270336K), 7 survivors (28672K)
 Metaspace       used 165699K, committed 168640K, reserved 1245184K
  class space    used 22667K, committed 24000K, reserved 1048576K
}
Event: 152.774 GC heap after
{Heap after GC invocations=83 (full 0):
 garbage-first heap   total reserved 8388608K, committed 835584K, used 504059K [0x0000000600000000, 0x0000000800000000)
  region size 4096K, 5 young (20480K), 5 survivors (20480K)
 Metaspace       used 165699K, committed 168640K, reserved 1245184K
  class space    used 22667K, committed 24000K, reserved 1048576K
}
Event: 155.265 GC heap before
{Heap before GC invocations=83 (full 0):
 garbage-first heap   total reserved 8388608K, committed 835584K, used 762107K [0x0000000600000000, 0x0000000800000000)
  region size 4096K, 68 young (278528K), 5 survivors (20480K)
 Metaspace       used 167131K, committed 170112K, reserved 1245184K
  class space    used 22806K, committed 24192K, reserved 1048576K
}
Event: 155.287 GC heap after
{Heap after GC invocations=84 (full 0):
 garbage-first heap   total reserved 8388608K, committed 835584K, used 484211K [0x0000000600000000, 0x0000000800000000)
  region size 4096K, 4 young (16384K), 4 survivors (16384K)
 Metaspace       used 167131K, committed 170112K, reserved 1245184K
  class space    used 22806K, committed 24192K, reserved 1048576K
}
Event: 158.416 GC heap before
{Heap before GC invocations=84 (full 0):
 garbage-first heap   total reserved 8388608K, committed 835584K, used 766835K [0x0000000600000000, 0x0000000800000000)
  region size 4096K, 74 young (303104K), 4 survivors (16384K)
 Metaspace       used 168072K, committed 171008K, reserved 1245184K
  class space    used 22876K, committed 24256K, reserved 1048576K
}
Event: 158.495 GC heap after
{Heap after GC invocations=85 (full 0):
 garbage-first heap   total reserved 8388608K, committed 835584K, used 506223K [0x0000000600000000, 0x0000000800000000)
  region size 4096K, 9 young (36864K), 9 survivors (36864K)
 Metaspace       used 168072K, committed 171008K, reserved 1245184K
  class space    used 22876K, committed 24256K, reserved 1048576K
}
Event: 164.486 GC heap before
{Heap before GC invocations=86 (full 0):
 garbage-first heap   total reserved 8388608K, committed 835584K, used 674159K [0x0000000600000000, 0x0000000800000000)
  region size 4096K, 69 young (282624K), 9 survivors (36864K)
 Metaspace       used 168900K, committed 171904K, reserved 1245184K
  class space    used 22987K, committed 24384K, reserved 1048576K
}
Event: 164.566 GC heap after
{Heap after GC invocations=87 (full 0):
 garbage-first heap   total reserved 8388608K, committed 835584K, used 435929K [0x0000000600000000, 0x0000000800000000)
  region size 4096K, 2 young (8192K), 2 survivors (8192K)
 Metaspace       used 168900K, committed 171904K, reserved 1245184K
  class space    used 22987K, committed 24384K, reserved 1048576K
}
Event: 172.701 GC heap before
{Heap before GC invocations=87 (full 0):
 garbage-first heap   total reserved 8388608K, committed 835584K, used 763609K [0x0000000600000000, 0x0000000800000000)
  region size 4096K, 82 young (335872K), 2 survivors (8192K)
 Metaspace       used 169257K, committed 172288K, reserved 1245184K
  class space    used 23020K, committed 24448K, reserved 1048576K
}

