# JRE version: Java(TM) SE Runtime Environment (22.0.2+9) (build 22.0.2+9-70)
# Java VM: Java HotSpot(TM) 64-Bit Server VM (22.0.2+9-70, mixed mode, sharing, tiered, compressed oops, compressed class ptrs, g1 gc, windows-amd64)
GC Precious Log:
 CardTable entry size: 512
 Card Set container configuration: InlinePtr #cards 4 size 8 Array Of Cards #cards 16 size 48 Howl #buckets 8 coarsen threshold 3686 Howl Bitmap #cards 512 size 80 coarsen threshold 460 Card regions per heap region 1 cards per card region 4096
 CPUs: 12 total, 12 available
 Memory: 7916M
 Large Page Support: Disabled
 NUMA Support: Disabled
 Compressed Oops: Enabled (Zero based)
 Heap Region Size: 2M
 Heap Min Capacity: 8M
 Heap Initial Capacity: 124M
 Heap Max Capacity: 4G
 Pre-touch: Disabled
 Parallel Workers: 10
 Concurrent Workers: 3
 Concurrent Refinement Workers: 10
 Periodic GC: Disabled
Heap:
 garbage-first heap   total reserved 4194304K, committed 489472K, used 427440K [0x0000000700000000, 0x0000000800000000)
  region size 2048K, 73 young (149504K), 11 survivors (22528K)
 Metaspace       used 143709K, committed 146624K, reserved 557056K
  class space    used 19424K, committed 20800K, reserved 425984K
GC Heap History (20 events):
Event: 47.463 GC heap before
{Heap before GC invocations=61 (full 0):
 garbage-first heap   total reserved 4194304K, committed 366592K, used 322242K [0x0000000700000000, 0x0000000800000000)
  region size 2048K, 63 young (129024K), 10 survivors (20480K)
 Metaspace       used 113152K, committed 115840K, reserved 557056K
  class space    used 16179K, committed 17408K, reserved 425984K
}
Event: 47.492 GC heap after
{Heap after GC invocations=62 (full 0):
 garbage-first heap   total reserved 4194304K, committed 366592K, used 228659K [0x0000000700000000, 0x0000000800000000)
  region size 2048K, 8 young (16384K), 8 survivors (16384K)
 Metaspace       used 113152K, committed 115840K, reserved 557056K
  class space    used 16179K, committed 17408K, reserved 425984K
}
Event: 49.423 GC heap before
{Heap before GC invocations=62 (full 0):
 garbage-first heap   total reserved 4194304K, committed 366592K, used 329011K [0x0000000700000000, 0x0000000800000000)
  region size 2048K, 57 young (116736K), 8 survivors (16384K)
 Metaspace       used 117025K, committed 119744K, reserved 557056K
  class space    used 16643K, committed 17920K, reserved 425984K
}
Event: 49.443 GC heap after
{Heap after GC invocations=63 (full 0):
 garbage-first heap   total reserved 4194304K, committed 366592K, used 243980K [0x0000000700000000, 0x0000000800000000)
  region size 2048K, 8 young (16384K), 8 survivors (16384K)
 Metaspace       used 117025K, committed 119744K, reserved 557056K
  class space    used 16643K, committed 17920K, reserved 425984K
}
Event: 150.706 GC heap before
{Heap before GC invocations=64 (full 0):
 garbage-first heap   total reserved 4194304K, committed 409600K, used 325900K [0x0000000700000000, 0x0000000800000000)
  region size 2048K, 49 young (100352K), 8 survivors (16384K)
 Metaspace       used 120492K, committed 123200K, reserved 557056K
  class space    used 17047K, committed 18304K, reserved 425984K
}
Event: 150.723 GC heap after
{Heap after GC invocations=65 (full 0):
 garbage-first heap   total reserved 4194304K, committed 409600K, used 252473K [0x0000000700000000, 0x0000000800000000)
  region size 2048K, 5 young (10240K), 5 survivors (10240K)
 Metaspace       used 120492K, committed 123200K, reserved 557056K
  class space    used 17047K, committed 18304K, reserved 425984K
}
Event: 153.653 GC heap before
{Heap before GC invocations=65 (full 0):
 garbage-first heap   total reserved 4194304K, committed 409600K, used 363065K [0x0000000700000000, 0x0000000800000000)
  region size 2048K, 60 young (122880K), 5 survivors (10240K)
 Metaspace       used 122068K, committed 124736K, reserved 557056K
  class space    used 17173K, committed 18432K, reserved 425984K
}
Event: 153.669 GC heap after
{Heap after GC invocations=66 (full 0):
 garbage-first heap   total reserved 4194304K, committed 409600K, used 255149K [0x0000000700000000, 0x0000000800000000)
  region size 2048K, 6 young (12288K), 6 survivors (12288K)
 Metaspace       used 122068K, committed 124736K, reserved 557056K
  class space    used 17173K, committed 18432K, reserved 425984K
}
Event: 159.218 GC heap before
{Heap before GC invocations=66 (full 0):
 garbage-first heap   total reserved 4194304K, committed 409600K, used 369837K [0x0000000700000000, 0x0000000800000000)
  region size 2048K, 63 young (129024K), 6 survivors (12288K)
 Metaspace       used 123670K, committed 126400K, reserved 557056K
  class space    used 17292K, committed 18560K, reserved 425984K
}
Event: 159.254 GC heap after
{Heap after GC invocations=67 (full 0):
 garbage-first heap   total reserved 4194304K, committed 409600K, used 272384K [0x0000000700000000, 0x0000000800000000)
  region size 2048K, 8 young (16384K), 8 survivors (16384K)
 Metaspace       used 123670K, committed 126400K, reserved 557056K
  class space    used 17292K, committed 18560K, reserved 425984K
}
Event: 159.351 GC heap before
{Heap before GC invocations=67 (full 0):
 garbage-first heap   total reserved 4194304K, committed 409600K, used 276480K [0x0000000700000000, 0x0000000800000000)
  region size 2048K, 12 young (24576K), 8 survivors (16384K)
 Metaspace       used 123694K, committed 126400K, reserved 557056K
  class space    used 17294K, committed 18560K, reserved 425984K
}
Event: 159.378 GC heap after
{Heap after GC invocations=68 (full 0):
 garbage-first heap   total reserved 4194304K, committed 409600K, used 279018K [0x0000000700000000, 0x0000000800000000)
  region size 2048K, 3 young (6144K), 3 survivors (6144K)
 Metaspace       used 123694K, committed 126400K, reserved 557056K
  class space    used 17294K, committed 18560K, reserved 425984K
}
Event: 161.183 GC heap before
{Heap before GC invocations=69 (full 0):
 garbage-first heap   total reserved 4194304K, committed 489472K, used 383466K [0x0000000700000000, 0x0000000800000000)
  region size 2048K, 49 young (100352K), 3 survivors (6144K)
 Metaspace       used 126852K, committed 129536K, reserved 557056K
  class space    used 17574K, committed 18816K, reserved 425984K
}
Event: 161.231 GC heap after
{Heap after GC invocations=70 (full 0):
 garbage-first heap   total reserved 4194304K, committed 489472K, used 291965K [0x0000000700000000, 0x0000000800000000)
  region size 2048K, 7 young (14336K), 7 survivors (14336K)
 Metaspace       used 126852K, committed 129536K, reserved 557056K
  class space    used 17574K, committed 18816K, reserved 425984K
}
Event: 170.273 GC heap before
{Heap before GC invocations=70 (full 0):
 garbage-first heap   total reserved 4194304K, committed 489472K, used 433277K [0x0000000700000000, 0x0000000800000000)
  region size 2048K, 77 young (157696K), 7 survivors (14336K)
 Metaspace       used 129678K, committed 132416K, reserved 557056K
  class space    used 17880K, committed 19136K, reserved 425984K
}
Event: 170.290 GC heap after
{Heap after GC invocations=71 (full 0):
 garbage-first heap   total reserved 4194304K, committed 489472K, used 277366K [0x0000000700000000, 0x0000000800000000)
  region size 2048K, 3 young (6144K), 3 survivors (6144K)
 Metaspace       used 129678K, committed 132416K, reserved 557056K
  class space    used 17880K, committed 19136K, reserved 425984K
}
Event: 185.036 GC heap before
{Heap before GC invocations=71 (full 0):
 garbage-first heap   total reserved 4194304K, committed 489472K, used 437110K [0x0000000700000000, 0x0000000800000000)
  region size 2048K, 82 young (167936K), 3 survivors (6144K)
 Metaspace       used 131215K, committed 133888K, reserved 557056K
  class space    used 18019K, committed 19264K, reserved 425984K
}
Event: 185.131 GC heap after
{Heap after GC invocations=72 (full 0):
 garbage-first heap   total reserved 4194304K, committed 489472K, used 286461K [0x0000000700000000, 0x0000000800000000)
  region size 2048K, 7 young (14336K), 7 survivors (14336K)
 Metaspace       used 131215K, committed 133888K, reserved 557056K
  class space    used 18019K, committed 19264K, reserved 425984K
}
Event: 198.173 GC heap before
{Heap before GC invocations=73 (full 0):
 garbage-first heap   total reserved 4194304K, committed 489472K, used 444157K [0x0000000700000000, 0x0000000800000000)
  region size 2048K, 85 young (174080K), 7 survivors (14336K)
 Metaspace       used 142711K, committed 145600K, reserved 557056K
  class space    used 19399K, committed 20736K, reserved 425984K
}
Event: 198.289 GC heap after
{Heap after GC invocations=74 (full 0):
 garbage-first heap   total reserved 4194304K, committed 489472K, used 302512K [0x0000000700000000, 0x0000000800000000)
  region size 2048K, 11 young (22528K), 11 survivors (22528K)
 Metaspace       used 142711K, committed 145600K, reserved 557056K
  class space    used 19399K, committed 20736K, reserved 425984K
}

