# JRE version: Java(TM) SE Runtime Environment (22.0.2+9) (build 22.0.2+9-70)
# Java VM: Java HotSpot(TM) 64-Bit Server VM (22.0.2+9-70, mixed mode, sharing, tiered, compressed oops, compressed class ptrs, g1 gc, windows-amd64)
GC Precious Log:
 CardTable entry size: 512
 Card Set container configuration: InlinePtr #cards 4 size 8 Array Of Cards #cards 32 size 80 Howl #buckets 8 coarsen threshold 7372 Howl Bitmap #cards 1024 size 144 coarsen threshold 921 Card regions per heap region 1 cards per card region 8192
 CPUs: 12 total, 12 available
 Memory: 7916M
 Large Page Support: Disabled
 NUMA Support: Disabled
 Compressed Oops: Enabled (Zero based)
 Heap Region Size: 4M
 Heap Min Capacity: 8M
 Heap Initial Capacity: 124M
 Heap Max Capacity: 8G
 Pre-touch: Disabled
 Parallel Workers: 10
 Concurrent Workers: 3
 Concurrent Refinement Workers: 10
 Periodic GC: Disabled
Heap:
 garbage-first heap   total reserved 8388608K, committed 1159168K, used 484152K [0x0000000600000000, 0x0000000800000000)
  region size 4096K, 6 young (24576K), 6 survivors (24576K)
 Metaspace       used 175100K, committed 178496K, reserved 1245184K
  class space    used 23489K, committed 25024K, reserved 1048576K
GC Heap History (20 events):
Event: 1006.530 GC heap after
{Heap after GC invocations=79 (full 0):
 garbage-first heap   total reserved 8388608K, committed 1155072K, used 437690K [0x0000000600000000, 0x0000000800000000)
  region size 4096K, 2 young (8192K), 2 survivors (8192K)
 Metaspace       used 133706K, committed 136768K, reserved 1179648K
  class space    used 18222K, committed 19648K, reserved 1048576K
}
Event: 1031.124 GC heap before
{Heap before GC invocations=79 (full 0):
 garbage-first heap   total reserved 8388608K, committed 1155072K, used 1007034K [0x0000000600000000, 0x0000000800000000)
  region size 4096K, 142 young (581632K), 2 survivors (8192K)
 Metaspace       used 148171K, committed 151360K, reserved 1179648K
  class space    used 19839K, committed 21312K, reserved 1048576K
}
Event: 1031.262 GC heap after
{Heap after GC invocations=80 (full 0):
 garbage-first heap   total reserved 8388608K, committed 1155072K, used 361393K [0x0000000600000000, 0x0000000800000000)
  region size 4096K, 12 young (49152K), 12 survivors (49152K)
 Metaspace       used 148171K, committed 151360K, reserved 1179648K
  class space    used 19839K, committed 21312K, reserved 1048576K
}
Event: 1036.730 GC heap before
{Heap before GC invocations=80 (full 0):
 garbage-first heap   total reserved 8388608K, committed 1155072K, used 607153K [0x0000000600000000, 0x0000000800000000)
  region size 4096K, 73 young (299008K), 12 survivors (49152K)
 Metaspace       used 149231K, committed 152448K, reserved 1245184K
  class space    used 19903K, committed 21376K, reserved 1048576K
}
Event: 1036.838 GC heap after
{Heap after GC invocations=81 (full 0):
 garbage-first heap   total reserved 8388608K, committed 1155072K, used 345200K [0x0000000600000000, 0x0000000800000000)
  region size 4096K, 4 young (16384K), 4 survivors (16384K)
 Metaspace       used 149231K, committed 152448K, reserved 1245184K
  class space    used 19903K, committed 21376K, reserved 1048576K
}
Event: 1038.156 GC heap before
{Heap before GC invocations=81 (full 0):
 garbage-first heap   total reserved 8388608K, committed 1155072K, used 414832K [0x0000000600000000, 0x0000000800000000)
  region size 4096K, 21 young (86016K), 4 survivors (16384K)
 Metaspace       used 149381K, committed 152576K, reserved 1245184K
  class space    used 19911K, committed 21376K, reserved 1048576K
}
Event: 1038.178 GC heap after
{Heap after GC invocations=82 (full 0):
 garbage-first heap   total reserved 8388608K, committed 1155072K, used 343467K [0x0000000600000000, 0x0000000800000000)
  region size 4096K, 1 young (4096K), 1 survivors (4096K)
 Metaspace       used 149381K, committed 152576K, reserved 1245184K
  class space    used 19911K, committed 21376K, reserved 1048576K
}
Event: 1044.254 GC heap before
{Heap before GC invocations=83 (full 0):
 garbage-first heap   total reserved 8388608K, committed 1146880K, used 568747K [0x0000000600000000, 0x0000000800000000)
  region size 4096K, 57 young (233472K), 1 survivors (4096K)
 Metaspace       used 151121K, committed 154432K, reserved 1245184K
  class space    used 20104K, committed 21632K, reserved 1048576K
}
Event: 1044.284 GC heap after
{Heap after GC invocations=84 (full 0):
 garbage-first heap   total reserved 8388608K, committed 1146880K, used 367777K [0x0000000600000000, 0x0000000800000000)
  region size 4096K, 7 young (28672K), 7 survivors (28672K)
 Metaspace       used 151121K, committed 154432K, reserved 1245184K
  class space    used 20104K, committed 21632K, reserved 1048576K
}
Event: 1058.791 GC heap before
{Heap before GC invocations=84 (full 0):
 garbage-first heap   total reserved 8388608K, committed 1146880K, used 1076385K [0x0000000600000000, 0x0000000800000000)
  region size 4096K, 134 young (548864K), 7 survivors (28672K)
 Metaspace       used 166908K, committed 170240K, reserved 1245184K
  class space    used 22559K, committed 24064K, reserved 1048576K
}
Event: 1059.168 GC heap after
{Heap after GC invocations=85 (full 0):
 garbage-first heap   total reserved 8388608K, committed 1159168K, used 421097K [0x0000000600000000, 0x0000000800000000)
  region size 4096K, 17 young (69632K), 17 survivors (69632K)
 Metaspace       used 166908K, committed 170240K, reserved 1245184K
  class space    used 22559K, committed 24064K, reserved 1048576K
}
Event: 1059.281 GC heap before
{Heap before GC invocations=85 (full 0):
 garbage-first heap   total reserved 8388608K, committed 1159168K, used 429289K [0x0000000600000000, 0x0000000800000000)
  region size 4096K, 20 young (81920K), 17 survivors (69632K)
 Metaspace       used 167386K, committed 170752K, reserved 1245184K
  class space    used 22638K, committed 24192K, reserved 1048576K
}
Event: 1059.540 GC heap after
{Heap after GC invocations=86 (full 0):
 garbage-first heap   total reserved 8388608K, committed 1159168K, used 430774K [0x0000000600000000, 0x0000000800000000)
  region size 4096K, 3 young (12288K), 3 survivors (12288K)
 Metaspace       used 167386K, committed 170752K, reserved 1245184K
  class space    used 22638K, committed 24192K, reserved 1048576K
}
Event: 1062.665 GC heap before
{Heap before GC invocations=86 (full 0):
 garbage-first heap   total reserved 8388608K, committed 1159168K, used 668342K [0x0000000600000000, 0x0000000800000000)
  region size 4096K, 62 young (253952K), 3 survivors (12288K)
 Metaspace       used 171207K, committed 174592K, reserved 1245184K
  class space    used 23054K, committed 24576K, reserved 1048576K
}
Event: 1062.712 GC heap after
{Heap after GC invocations=87 (full 0):
 garbage-first heap   total reserved 8388608K, committed 1159168K, used 445525K [0x0000000600000000, 0x0000000800000000)
  region size 4096K, 5 young (20480K), 5 survivors (20480K)
 Metaspace       used 171207K, committed 174592K, reserved 1245184K
  class space    used 23054K, committed 24576K, reserved 1048576K
}
Event: 1063.613 GC heap before
{Heap before GC invocations=87 (full 0):
 garbage-first heap   total reserved 8388608K, committed 1159168K, used 699477K [0x0000000600000000, 0x0000000800000000)
  region size 4096K, 67 young (274432K), 5 survivors (20480K)
 Metaspace       used 171936K, committed 175296K, reserved 1245184K
  class space    used 23164K, committed 24704K, reserved 1048576K
}
Event: 1063.653 GC heap after
{Heap after GC invocations=88 (full 0):
 garbage-first heap   total reserved 8388608K, committed 1159168K, used 464211K [0x0000000600000000, 0x0000000800000000)
  region size 4096K, 9 young (36864K), 9 survivors (36864K)
 Metaspace       used 171936K, committed 175296K, reserved 1245184K
  class space    used 23164K, committed 24704K, reserved 1048576K
}
Event: 1064.744 GC heap before
{Heap before GC invocations=88 (full 0):
 garbage-first heap   total reserved 8388608K, committed 1159168K, used 673107K [0x0000000600000000, 0x0000000800000000)
  region size 4096K, 61 young (249856K), 9 survivors (36864K)
 Metaspace       used 172300K, committed 175616K, reserved 1245184K
  class space    used 23205K, committed 24704K, reserved 1048576K
}
Event: 1064.794 GC heap after
{Heap after GC invocations=89 (full 0):
 garbage-first heap   total reserved 8388608K, committed 1159168K, used 473672K [0x0000000600000000, 0x0000000800000000)
  region size 4096K, 3 young (12288K), 3 survivors (12288K)
 Metaspace       used 172300K, committed 175616K, reserved 1245184K
  class space    used 23205K, committed 24704K, reserved 1048576K
}
Event: 1072.227 GC heap before
{Heap before GC invocations=89 (full 0):
 garbage-first heap   total reserved 8388608K, committed 1159168K, used 993864K [0x0000000600000000, 0x0000000800000000)
  region size 4096K, 131 young (536576K), 3 survivors (12288K)
 Metaspace       used 175100K, committed 178496K, reserved 1245184K
  class space    used 23489K, committed 25024K, reserved 1048576K
}

