# JRE version: Java(TM) SE Runtime Environment (22.0.2+9) (build 22.0.2+9-70)
# Java VM: Java HotSpot(TM) 64-Bit Server VM (22.0.2+9-70, mixed mode, sharing, tiered, compressed oops, compressed class ptrs, g1 gc, windows-amd64)
GC Precious Log:
 CardTable entry size: 512
 Card Set container configuration: InlinePtr #cards 4 size 8 Array Of Cards #cards 32 size 80 Howl #buckets 8 coarsen threshold 7372 Howl Bitmap #cards 1024 size 144 coarsen threshold 921 Card regions per heap region 1 cards per card region 8192
 CPUs: 12 total, 12 available
 Memory: 7916M
 Large Page Support: Disabled
 NUMA Support: Disabled
 Compressed Oops: Enabled (Zero based)
 Heap Region Size: 4M
 Heap Min Capacity: 8M
 Heap Initial Capacity: 124M
 Heap Max Capacity: 8G
 Pre-touch: Disabled
 Parallel Workers: 10
 Concurrent Workers: 3
 Concurrent Refinement Workers: 10
 Periodic GC: Disabled
Heap:
 garbage-first heap   total reserved 8388608K, committed 1445888K, used 860980K [0x0000000600000000, 0x0000000800000000)
  region size 4096K, 9 young (36864K), 9 survivors (36864K)
 Metaspace       used 251776K, committed 255616K, reserved 1310720K
  class space    used 33127K, committed 34880K, reserved 1048576K
GC Heap History (20 events):
Event: 1155.606 GC heap after
{Heap after GC invocations=88 (full 0):
 garbage-first heap   total reserved 8388608K, committed 1392640K, used 696320K [0x0000000600000000, 0x0000000800000000)
  region size 4096K, 13 young (53248K), 13 survivors (53248K)
 Metaspace       used 198455K, committed 201920K, reserved 1245184K
  class space    used 26950K, committed 28544K, reserved 1048576K
}
Event: 1167.164 GC heap before
{Heap before GC invocations=88 (full 0):
 garbage-first heap   total reserved 8388608K, committed 1392640K, used 1257472K [0x0000000600000000, 0x0000000800000000)
  region size 4096K, 150 young (614400K), 13 survivors (53248K)
 Metaspace       used 206720K, committed 210432K, reserved 1245184K
  class space    used 27753K, committed 29440K, reserved 1048576K
}
Event: 1167.263 GC heap after
{Heap after GC invocations=89 (full 0):
 garbage-first heap   total reserved 8388608K, committed 1392640K, used 627567K [0x0000000600000000, 0x0000000800000000)
  region size 4096K, 19 young (77824K), 19 survivors (77824K)
 Metaspace       used 206720K, committed 210432K, reserved 1245184K
  class space    used 27753K, committed 29440K, reserved 1048576K
}
Event: 1171.897 GC heap before
{Heap before GC invocations=89 (full 0):
 garbage-first heap   total reserved 8388608K, committed 1392640K, used 1229679K [0x0000000600000000, 0x0000000800000000)
  region size 4096K, 165 young (675840K), 19 survivors (77824K)
 Metaspace       used 216880K, committed 220672K, reserved 1245184K
  class space    used 28716K, committed 30464K, reserved 1048576K
}
Event: 1172.003 GC heap after
{Heap after GC invocations=90 (full 0):
 garbage-first heap   total reserved 8388608K, committed 1417216K, used 599618K [0x0000000600000000, 0x0000000800000000)
  region size 4096K, 21 young (86016K), 21 survivors (86016K)
 Metaspace       used 216880K, committed 220672K, reserved 1245184K
  class space    used 28716K, committed 30464K, reserved 1048576K
}
Event: 1173.741 GC heap before
{Heap before GC invocations=90 (full 0):
 garbage-first heap   total reserved 8388608K, committed 1417216K, used 1201730K [0x0000000600000000, 0x0000000800000000)
  region size 4096K, 169 young (692224K), 21 survivors (86016K)
 Metaspace       used 226410K, committed 230144K, reserved 1310720K
  class space    used 29753K, committed 31488K, reserved 1048576K
}
Event: 1173.905 GC heap after
{Heap after GC invocations=91 (full 0):
 garbage-first heap   total reserved 8388608K, committed 1445888K, used 679936K [0x0000000600000000, 0x0000000800000000)
  region size 4096K, 22 young (90112K), 22 survivors (90112K)
 Metaspace       used 226410K, committed 230144K, reserved 1310720K
  class space    used 29753K, committed 31488K, reserved 1048576K
}
Event: 1173.911 GC heap before
{Heap before GC invocations=91 (full 0):
 garbage-first heap   total reserved 8388608K, committed 1445888K, used 684032K [0x0000000600000000, 0x0000000800000000)
  region size 4096K, 23 young (94208K), 22 survivors (90112K)
 Metaspace       used 226417K, committed 230144K, reserved 1310720K
  class space    used 29753K, committed 31488K, reserved 1048576K
}
Event: 1173.978 GC heap after
{Heap after GC invocations=92 (full 0):
 garbage-first heap   total reserved 8388608K, committed 1445888K, used 700416K [0x0000000600000000, 0x0000000800000000)
  region size 4096K, 3 young (12288K), 3 survivors (12288K)
 Metaspace       used 226417K, committed 230144K, reserved 1310720K
  class space    used 29753K, committed 31488K, reserved 1048576K
}
Event: 1174.769 GC heap before
{Heap before GC invocations=93 (full 0):
 garbage-first heap   total reserved 8388608K, committed 1445888K, used 1036288K [0x0000000600000000, 0x0000000800000000)
  region size 4096K, 86 young (352256K), 3 survivors (12288K)
 Metaspace       used 229499K, committed 233216K, reserved 1310720K
  class space    used 30484K, committed 32192K, reserved 1048576K
}
Event: 1174.809 GC heap after
{Heap after GC invocations=94 (full 0):
 garbage-first heap   total reserved 8388608K, committed 1445888K, used 730374K [0x0000000600000000, 0x0000000800000000)
  region size 4096K, 11 young (45056K), 11 survivors (45056K)
 Metaspace       used 229499K, committed 233216K, reserved 1310720K
  class space    used 30484K, committed 32192K, reserved 1048576K
}
Event: 1177.851 GC heap before
{Heap before GC invocations=94 (full 0):
 garbage-first heap   total reserved 8388608K, committed 1445888K, used 1258758K [0x0000000600000000, 0x0000000800000000)
  region size 4096K, 140 young (573440K), 11 survivors (45056K)
 Metaspace       used 230428K, committed 234176K, reserved 1310720K
  class space    used 30734K, committed 32448K, reserved 1048576K
}
Event: 1177.933 GC heap after
{Heap after GC invocations=95 (full 0):
 garbage-first heap   total reserved 8388608K, committed 1445888K, used 727023K [0x0000000600000000, 0x0000000800000000)
  region size 4096K, 11 young (45056K), 11 survivors (45056K)
 Metaspace       used 230428K, committed 234176K, reserved 1310720K
  class space    used 30734K, committed 32448K, reserved 1048576K
}
Event: 1178.994 GC heap before
{Heap before GC invocations=95 (full 0):
 garbage-first heap   total reserved 8388608K, committed 1445888K, used 972783K [0x0000000600000000, 0x0000000800000000)
  region size 4096K, 71 young (290816K), 11 survivors (45056K)
 Metaspace       used 230432K, committed 234176K, reserved 1310720K
  class space    used 30734K, committed 32448K, reserved 1048576K
}
Event: 1179.061 GC heap after
{Heap after GC invocations=96 (full 0):
 garbage-first heap   total reserved 8388608K, committed 1445888K, used 743873K [0x0000000600000000, 0x0000000800000000)
  region size 4096K, 6 young (24576K), 6 survivors (24576K)
 Metaspace       used 230432K, committed 234176K, reserved 1310720K
  class space    used 30734K, committed 32448K, reserved 1048576K
}
Event: 1180.504 GC heap before
{Heap before GC invocations=97 (full 0):
 garbage-first heap   total reserved 8388608K, committed 1445888K, used 1206721K [0x0000000600000000, 0x0000000800000000)
  region size 4096K, 119 young (487424K), 6 survivors (24576K)
 Metaspace       used 230433K, committed 234176K, reserved 1310720K
  class space    used 30735K, committed 32448K, reserved 1048576K
}
Event: 1180.553 GC heap after
{Heap after GC invocations=98 (full 0):
 garbage-first heap   total reserved 8388608K, committed 1445888K, used 798720K [0x0000000600000000, 0x0000000800000000)
  region size 4096K, 15 young (61440K), 15 survivors (61440K)
 Metaspace       used 230433K, committed 234176K, reserved 1310720K
  class space    used 30735K, committed 32448K, reserved 1048576K
}
Event: 1182.994 GC heap before
{Heap before GC invocations=98 (full 0):
 garbage-first heap   total reserved 8388608K, committed 1445888K, used 1282048K [0x0000000600000000, 0x0000000800000000)
  region size 4096K, 134 young (548864K), 15 survivors (61440K)
 Metaspace       used 238430K, committed 242240K, reserved 1310720K
  class space    used 31611K, committed 33344K, reserved 1048576K
}
Event: 1183.064 GC heap after
{Heap after GC invocations=99 (full 0):
 garbage-first heap   total reserved 8388608K, committed 1445888K, used 831401K [0x0000000600000000, 0x0000000800000000)
  region size 4096K, 12 young (49152K), 12 survivors (49152K)
 Metaspace       used 238430K, committed 242240K, reserved 1310720K
  class space    used 31611K, committed 33344K, reserved 1048576K
}
Event: 1185.539 GC heap before
{Heap before GC invocations=99 (full 0):
 garbage-first heap   total reserved 8388608K, committed 1445888K, used 1290153K [0x0000000600000000, 0x0000000800000000)
  region size 4096K, 124 young (507904K), 12 survivors (49152K)
 Metaspace       used 251776K, committed 255616K, reserved 1310720K
  class space    used 33127K, committed 34880K, reserved 1048576K
}

